"main.cpp", line 125: error: invalid text in pragma
    #pragma acc parallel data map (to: data[0:inputSize]) map (from: std[0:outputSize])
                         ^

"main.cpp", line 125: error: extra text after expected end of preprocessing directive
    #pragma acc parallel data map (to: data[0:inputSize]) map (from: std[0:outputSize])
                              ^

"main.cpp", line 55: error: invalid text in pragma
    #pragma acc parallel teams num_teams(Teams) thread_limit(TPB)
                         ^

"main.cpp", line 55: error: extra text after expected end of preprocessing directive
    #pragma acc parallel teams num_teams(Teams) thread_limit(TPB)
                               ^

"main.cpp", line 60: error: identifier "omp_get_thread_num" is undefined
        int tx = omp_get_thread_num();
                 ^

"main.cpp", line 61: error: identifier "omp_get_team_num" is undefined
        int bx = omp_get_team_num() % TeamX;
                 ^

"main.cpp", line 92: error: invalid text in pragma
    #pragma acc parallel loop thread_limit(TPB)
                              ^

"main.cpp", line 92: error: extra text after expected end of preprocessing directive
    #pragma acc parallel loop thread_limit(TPB)
                                          ^

"main.cpp", line 48: warning: variable "Teams" was declared but never referenced [declared_but_not_referenced]
    static const int Teams = TeamX * TeamY;
                     ^

Remark: individual warnings can be suppressed with "--diag_suppress <warning-name>"

8 errors detected in the compilation of "main.cpp".
make: *** [Makefile.NVD:57: main.o] Error 2
timeout was set to  600
