clang++  -std=c++17 -Wall -fsycl --gcc-toolchain= -fsycl-targets=nvptx64-nvidia-cuda             -Xsycl-target-backend --cuda-gpu-arch=sm_90 -O3 -DUSE_GPU -c main.cpp -o main.o
In file included from main.cpp:45:
In file included from ./support/verify.h:37:
In file included from /usr/lib/gcc/aarch64-redhat-linux/11/../../../../include/c++/11/math.h:36:
In file included from /hs/work0/home/users/u0001901/software/clang_from_source/bin/../include/sycl/stl_wrappers/cmath:39:
/hs/work0/home/users/u0001901/software/clang_from_source/bin/../include/sycl/stl_wrappers/__sycl_cmath_wrapper_impl.hpp:29:20: error: expected a qualified name after 'typename'
   29 | template <typename T, bool = std::is_integral_v<T>> struct __sycl_promote {
      |                    ^
./support/common.h:43:11: note: expanded from macro 'T'
   43 | #define T float
      |           ^
In file included from main.cpp:45:
In file included from ./support/verify.h:37:
In file included from /usr/lib/gcc/aarch64-redhat-linux/11/../../../../include/c++/11/math.h:36:
In file included from /hs/work0/home/users/u0001901/software/clang_from_source/bin/../include/sycl/stl_wrappers/cmath:39:
/hs/work0/home/users/u0001901/software/clang_from_source/bin/../include/sycl/stl_wrappers/__sycl_cmath_wrapper_impl.hpp:29:20: error: expected ',' or '>' in template-parameter-list
./support/common.h:43:11: note: expanded from macro 'T'
   43 | #define T float
      |           ^
In file included from main.cpp:45:
In file included from ./support/verify.h:37:
In file included from /usr/lib/gcc/aarch64-redhat-linux/11/../../../../include/c++/11/math.h:36:
In file included from /hs/work0/home/users/u0001901/software/clang_from_source/bin/../include/sycl/stl_wrappers/cmath:39:
/hs/work0/home/users/u0001901/software/clang_from_source/bin/../include/sycl/stl_wrappers/__sycl_cmath_wrapper_impl.hpp:29:21: error: expected unqualified-id
   29 | template <typename T, bool = std::is_integral_v<T>> struct __sycl_promote {
      |                     ^
/hs/work0/home/users/u0001901/software/clang_from_source/bin/../include/sycl/stl_wrappers/__sycl_cmath_wrapper_impl.hpp:34:20: error: expected a qualified name after 'typename'
   34 | template <typename T> struct __sycl_promote<T, false> {};
      |                    ^
./support/common.h:43:11: note: expanded from macro 'T'
   43 | #define T float
      |           ^
In file included from main.cpp:45:
In file included from ./support/verify.h:37:
In file included from /usr/lib/gcc/aarch64-redhat-linux/11/../../../../include/c++/11/math.h:36:
In file included from /hs/work0/home/users/u0001901/software/clang_from_source/bin/../include/sycl/stl_wrappers/cmath:39:
/hs/work0/home/users/u0001901/software/clang_from_source/bin/../include/sycl/stl_wrappers/__sycl_cmath_wrapper_impl.hpp:34:20: error: expected ',' or '>' in template-parameter-list
./support/common.h:43:11: note: expanded from macro 'T'
   43 | #define T float
      |           ^
In file included from main.cpp:45:
In file included from ./support/verify.h:37:
In file included from /usr/lib/gcc/aarch64-redhat-linux/11/../../../../include/c++/11/math.h:36:
In file included from /hs/work0/home/users/u0001901/software/clang_from_source/bin/../include/sycl/stl_wrappers/cmath:39:
/hs/work0/home/users/u0001901/software/clang_from_source/bin/../include/sycl/stl_wrappers/__sycl_cmath_wrapper_impl.hpp:34:30: error: explicit specialization of undeclared template struct '__sycl_promote'
   34 | template <typename T> struct __sycl_promote<T, false> {};
      |                              ^             ~~~~~~~~~~
/hs/work0/home/users/u0001901/software/clang_from_source/bin/../include/sycl/stl_wrappers/__sycl_cmath_wrapper_impl.hpp:37:35: error: template argument for non-type template parameter must be an expression
   37 | template <> struct __sycl_promote<float> {
      |                                   ^~~~~
/hs/work0/home/users/u0001901/software/clang_from_source/bin/../include/sycl/stl_wrappers/__sycl_cmath_wrapper_impl.hpp:34:20: note: template parameter is declared here
   34 | template <typename T> struct __sycl_promote<T, false> {};
      |                    ^
./support/common.h:43:11: note: expanded from macro 'T'
   43 | #define T float
      |           ^
In file included from main.cpp:45:
In file included from ./support/verify.h:37:
In file included from /usr/lib/gcc/aarch64-redhat-linux/11/../../../../include/c++/11/math.h:36:
In file included from /hs/work0/home/users/u0001901/software/clang_from_source/bin/../include/sycl/stl_wrappers/cmath:39:
/hs/work0/home/users/u0001901/software/clang_from_source/bin/../include/sycl/stl_wrappers/__sycl_cmath_wrapper_impl.hpp:40:35: error: template argument for non-type template parameter must be an expression
   40 | template <> struct __sycl_promote<double> {
      |                                   ^~~~~~
/hs/work0/home/users/u0001901/software/clang_from_source/bin/../include/sycl/stl_wrappers/__sycl_cmath_wrapper_impl.hpp:34:20: note: template parameter is declared here
   34 | template <typename T> struct __sycl_promote<T, false> {};
      |                    ^
./support/common.h:43:11: note: expanded from macro 'T'
   43 | #define T float
      |           ^
In file included from main.cpp:45:
In file included from ./support/verify.h:37:
In file included from /usr/lib/gcc/aarch64-redhat-linux/11/../../../../include/c++/11/math.h:36:
In file included from /hs/work0/home/users/u0001901/software/clang_from_source/bin/../include/sycl/stl_wrappers/cmath:39:
/hs/work0/home/users/u0001901/software/clang_from_source/bin/../include/sycl/stl_wrappers/__sycl_cmath_wrapper_impl.hpp:56:20: error: expected a qualified name after 'typename'
   56 | template <typename T, typename... Ts>
      |                    ^
./support/common.h:43:11: note: expanded from macro 'T'
   43 | #define T float
      |           ^
In file included from main.cpp:45:
In file included from ./support/verify.h:37:
In file included from /usr/lib/gcc/aarch64-redhat-linux/11/../../../../include/c++/11/math.h:36:
In file included from /hs/work0/home/users/u0001901/software/clang_from_source/bin/../include/sycl/stl_wrappers/cmath:39:
/hs/work0/home/users/u0001901/software/clang_from_source/bin/../include/sycl/stl_wrappers/__sycl_cmath_wrapper_impl.hpp:56:20: error: expected ',' or '>' in template-parameter-list
./support/common.h:43:11: note: expanded from macro 'T'
   43 | #define T float
      |           ^
In file included from main.cpp:45:
In file included from ./support/verify.h:37:
In file included from /usr/lib/gcc/aarch64-redhat-linux/11/../../../../include/c++/11/math.h:36:
In file included from /hs/work0/home/users/u0001901/software/clang_from_source/bin/../include/sycl/stl_wrappers/cmath:39:
/hs/work0/home/users/u0001901/software/clang_from_source/bin/../include/sycl/stl_wrappers/__sycl_cmath_wrapper_impl.hpp:56:21: error: expected unqualified-id
   56 | template <typename T, typename... Ts>
      |                     ^
/hs/work0/home/users/u0001901/software/clang_from_source/bin/../include/sycl/stl_wrappers/__sycl_cmath_wrapper_impl.hpp:303:20: error: expected a qualified name after 'typename'
  303 | template <typename T> __SYCL_DEVICE __sycl_promote_t<T> fabs(T x) {
      |                    ^
./support/common.h:43:11: note: expanded from macro 'T'
   43 | #define T float
      |           ^
In file included from main.cpp:45:
In file included from ./support/verify.h:37:
In file included from /usr/lib/gcc/aarch64-redhat-linux/11/../../../../include/c++/11/math.h:36:
In file included from /hs/work0/home/users/u0001901/software/clang_from_source/bin/../include/sycl/stl_wrappers/cmath:39:
/hs/work0/home/users/u0001901/software/clang_from_source/bin/../include/sycl/stl_wrappers/__sycl_cmath_wrapper_impl.hpp:303:20: error: expected ',' or '>' in template-parameter-list
./support/common.h:43:11: note: expanded from macro 'T'
   43 | #define T float
      |           ^
In file included from main.cpp:45:
In file included from ./support/verify.h:37:
In file included from /usr/lib/gcc/aarch64-redhat-linux/11/../../../../include/c++/11/math.h:36:
In file included from /hs/work0/home/users/u0001901/software/clang_from_source/bin/../include/sycl/stl_wrappers/cmath:39:
/hs/work0/home/users/u0001901/software/clang_from_source/bin/../include/sycl/stl_wrappers/__sycl_cmath_wrapper_impl.hpp:303:37: error: no template named '__sycl_promote_t'; did you mean '__sycl_promote'?
  303 | template <typename T> __SYCL_DEVICE __sycl_promote_t<T> fabs(T x) {
      |                                     ^
/hs/work0/home/users/u0001901/software/clang_from_source/bin/../include/sycl/stl_wrappers/__sycl_cmath_wrapper_impl.hpp:34:30: note: '__sycl_promote' declared here
   34 | template <typename T> struct __sycl_promote<T, false> {};
      |                              ^
/hs/work0/home/users/u0001901/software/clang_from_source/bin/../include/sycl/stl_wrappers/__sycl_cmath_wrapper_impl.hpp:303:54: error: template argument for non-type template parameter must be an expression
  303 | template <typename T> __SYCL_DEVICE __sycl_promote_t<T> fabs(T x) {
      |                                                      ^
./support/common.h:43:11: note: expanded from macro 'T'
   43 | #define T float
      |           ^~~~~
/hs/work0/home/users/u0001901/software/clang_from_source/bin/../include/sycl/stl_wrappers/__sycl_cmath_wrapper_impl.hpp:34:20: note: template parameter is declared here
   34 | template <typename T> struct __sycl_promote<T, false> {};
      |                    ^
./support/common.h:43:11: note: expanded from macro 'T'
   43 | #define T float
      |           ^
In file included from main.cpp:45:
In file included from ./support/verify.h:37:
In file included from /usr/lib/gcc/aarch64-redhat-linux/11/../../../../include/c++/11/math.h:36:
In file included from /hs/work0/home/users/u0001901/software/clang_from_source/bin/../include/sycl/stl_wrappers/cmath:39:
/hs/work0/home/users/u0001901/software/clang_from_source/bin/../include/sycl/stl_wrappers/__sycl_cmath_wrapper_impl.hpp:309:1: error: expected a qualified name after 'typename'
  309 | __SYCL_SPIRV_MAP_BINARY_CXX(fdim);
      | ^
/hs/work0/home/users/u0001901/software/clang_from_source/bin/../include/sycl/stl_wrappers/__sycl_cmath_wrapper_impl.hpp:108:22: note: expanded from macro '__SYCL_SPIRV_MAP_BINARY_CXX'
  108 |   template <typename T, typename U>                                            \
      |                      ^
./support/common.h:43:11: note: expanded from macro 'T'
   43 | #define T float
      |           ^
In file included from main.cpp:45:
In file included from ./support/verify.h:37:
In file included from /usr/lib/gcc/aarch64-redhat-linux/11/../../../../include/c++/11/math.h:36:
In file included from /hs/work0/home/users/u0001901/software/clang_from_source/bin/../include/sycl/stl_wrappers/cmath:39:
/hs/work0/home/users/u0001901/software/clang_from_source/bin/../include/sycl/stl_wrappers/__sycl_cmath_wrapper_impl.hpp:309:1: error: expected ',' or '>' in template-parameter-list
/hs/work0/home/users/u0001901/software/clang_from_source/bin/../include/sycl/stl_wrappers/__sycl_cmath_wrapper_impl.hpp:108:22: note: expanded from macro '__SYCL_SPIRV_MAP_BINARY_CXX'
  108 |   template <typename T, typename U>                                            \
      |                      ^
./support/common.h:43:11: note: expanded from macro 'T'
   43 | #define T float
      |           ^
In file included from main.cpp:45:
In file included from ./support/verify.h:37:
In file included from /usr/lib/gcc/aarch64-redhat-linux/11/../../../../include/c++/11/math.h:36:
In file included from /hs/work0/home/users/u0001901/software/clang_from_source/bin/../include/sycl/stl_wrappers/cmath:39:
/hs/work0/home/users/u0001901/software/clang_from_source/bin/../include/sycl/stl_wrappers/__sycl_cmath_wrapper_impl.hpp:309:1: error: expected unqualified-id
/hs/work0/home/users/u0001901/software/clang_from_source/bin/../include/sycl/stl_wrappers/__sycl_cmath_wrapper_impl.hpp:108:23: note: expanded from macro '__SYCL_SPIRV_MAP_BINARY_CXX'
  108 |   template <typename T, typename U>                                            \
      |                       ^
/hs/work0/home/users/u0001901/software/clang_from_source/bin/../include/sycl/stl_wrappers/__sycl_cmath_wrapper_impl.hpp:316:20: error: expected a qualified name after 'typename'
  316 | template <typename T, typename U, typename V>
      |                    ^
./support/common.h:43:11: note: expanded from macro 'T'
   43 | #define T float
      |           ^
fatal error: too many errors emitted, stopping now [-ferror-limit=]
20 errors generated.
make: *** [Makefile.NVD:73: main.o] Error 1
