In file included from main.cpp:43:
In file included from /hs/work0/home/users/u0001901/software/clang_from_source/bin/../include/sycl/stl_wrappers/assert.h:21:
/hs/work0/home/users/u0001901/software/clang_from_source/bin/../include/sycl/__spirv/spirv_vars.hpp:15:10: fatal error: 'cstddef' file not found
   15 | #include <cstddef> // for size_t
      |          ^~~~~~~~~
1 error generated.
make: *** [Makefile.NVD:73: main.o] Error 1
timeout was set to  600
