"main.cpp", line 302: warning: variable "quickSortTime" was declared but never referenced [declared_but_not_referenced]
    double totalTime, quickSortTime, stdSortTime;
                      ^

Remark: individual warnings can be suppressed with "--diag_suppress <warning-name>"

"main.cpp", line 302: warning: variable "stdSortTime" was declared but never referenced [declared_but_not_referenced]
    double totalTime, quickSortTime, stdSortTime;
                                     ^

"main.cpp", line 150: error: invalid text in pragma
  #pragma acc parallel data map (tofrom: d[0:(size/64+1)*64]) map(to: dn[0:(size/64+1)*64])
                       ^
          detected during instantiation of "int test<T>(uint, unsigned int, const std::string &) [with T=uint]" at line 440

"main.cpp", line 150: error: extra text after expected end of preprocessing directive
  #pragma acc parallel data map (tofrom: d[0:(size/64+1)*64]) map(to: dn[0:(size/64+1)*64])
                            ^
          detected during instantiation of "int test<T>(uint, unsigned int, const std::string &) [with T=uint]" at line 440

"main.cpp", line 233: error: invalid text in pragma
  #pragma acc data to: blocksb[0:blocks_size], \
                   ^
          detected during instantiation of "int test<T>(uint, unsigned int, const std::string &) [with T=uint]" at line 440

"main.cpp", line 233: error: extra text after expected end of preprocessing directive
  #pragma acc data to: blocksb[0:blocks_size], \
                     ^
          detected during instantiation of "int test<T>(uint, unsigned int, const std::string &) [with T=uint]" at line 440

"gqsort_kernel.h", line 1: error: invalid text in pragma
  #pragma acc parallel teams num_teams(blocks_size) thread_limit(GQSORT_LOCAL_WORKGROUP_SIZE)
                       ^
          detected during instantiation of "int test<T>(uint, unsigned int, const std::string &) [with T=uint]" at line 440 of "main.cpp"

"gqsort_kernel.h", line 1: error: extra text after expected end of preprocessing directive
  #pragma acc parallel teams num_teams(blocks_size) thread_limit(GQSORT_LOCAL_WORKGROUP_SIZE)
                             ^
          detected during instantiation of "int test<T>(uint, unsigned int, const std::string &) [with T=uint]" at line 440 of "main.cpp"

"gqsort_kernel.h", line 8: error: identifier "omp_get_team_num" is undefined
      const uint blockid = omp_get_team_num();
                           ^
          detected during instantiation of "int test<T>(uint, unsigned int, const std::string &) [with T=uint]" at line 440 of "main.cpp"

"gqsort_kernel.h", line 9: error: identifier "omp_get_thread_num" is undefined
      const uint localid = omp_get_thread_num();
                           ^
          detected during instantiation of "int test<T>(uint, unsigned int, const std::string &) [with T=uint]" at line 440 of "main.cpp"

"gqsort_kernel.h", line 74: error: no instance of function template "plus_prescan" matches the argument list
            argument types are: (<error-type>, <error-type>)
          plus_prescan(&lt[localid - i], &lt[localid]);
          ^
"QuicksortKernels.h", line 36: note: candidate function template "plus_prescan" failed deduction
  void plus_prescan( T *a,  T *b) {
       ^
          detected during instantiation of "int test<T>(uint, unsigned int, const std::string &) [with T=uint]" at line 440 of "main.cpp"

"gqsort_kernel.h", line 75: error: no instance of function template "plus_prescan" matches the argument list
            argument types are: (<error-type>, <error-type>)
          plus_prescan(&gt[localid - i], &gt[localid]);
          ^
"QuicksortKernels.h", line 36: note: candidate function template "plus_prescan" failed deduction
  void plus_prescan( T *a,  T *b) {
       ^
          detected during instantiation of "int test<T>(uint, unsigned int, const std::string &) [with T=uint]" at line 440 of "main.cpp"

"main.cpp", line 285: error: invalid text in pragma
  #pragma acc data to: seqs[0:done_size])
                   ^
          detected during instantiation of "int test<T>(uint, unsigned int, const std::string &) [with T=uint]" at line 440

"main.cpp", line 285: error: extra text after expected end of preprocessing directive
  #pragma acc data to: seqs[0:done_size])
                     ^
          detected during instantiation of "int test<T>(uint, unsigned int, const std::string &) [with T=uint]" at line 440

"lqsort_kernel.h", line 1: error: invalid text in pragma
  #pragma acc parallel teams num_teams(done_size) thread_limit(LQSORT_LOCAL_WORKGROUP_SIZE)
                       ^
          detected during instantiation of "int test<T>(uint, unsigned int, const std::string &) [with T=uint]" at line 440 of "main.cpp"

"lqsort_kernel.h", line 1: error: extra text after expected end of preprocessing directive
  #pragma acc parallel teams num_teams(done_size) thread_limit(LQSORT_LOCAL_WORKGROUP_SIZE)
                             ^
          detected during instantiation of "int test<T>(uint, unsigned int, const std::string &) [with T=uint]" at line 440 of "main.cpp"

"lqsort_kernel.h", line 12: error: identifier "omp_get_team_num" is undefined
      const uint blockid    = omp_get_team_num();
                              ^
          detected during instantiation of "int test<T>(uint, unsigned int, const std::string &) [with T=uint]" at line 440 of "main.cpp"

"lqsort_kernel.h", line 13: error: identifier "omp_get_thread_num" is undefined
      const uint localid    = omp_get_thread_num();
                              ^
          detected during instantiation of "int test<T>(uint, unsigned int, const std::string &) [with T=uint]" at line 440 of "main.cpp"

"lqsort_kernel.h", line 115: error: no instance of function template "plus_prescan" matches the argument list
            argument types are: (<error-type>, <error-type>)
            plus_prescan(&lt[localid - i], &lt[localid]);
            ^
"QuicksortKernels.h", line 36: note: candidate function template "plus_prescan" failed deduction
  void plus_prescan( T *a,  T *b) {
       ^
          detected during instantiation of "int test<T>(uint, unsigned int, const std::string &) [with T=uint]" at line 440 of "main.cpp"

"lqsort_kernel.h", line 116: error: no instance of function template "plus_prescan" matches the argument list
            argument types are: (<error-type>, <error-type>)
            plus_prescan(&gt[localid - i], &gt[localid]);
            ^
"QuicksortKernels.h", line 36: note: candidate function template "plus_prescan" failed deduction
  void plus_prescan( T *a,  T *b) {
       ^
          detected during instantiation of "int test<T>(uint, unsigned int, const std::string &) [with T=uint]" at line 440 of "main.cpp"

18 errors detected in the compilation of "main.cpp".
make: *** [Makefile.NVD:58: main.o] Error 2
timeout was set to  600
