"main.cpp", line 49: error: invalid text in pragma
    #pragma acc parallel data map (to: point[0:nPoints], \
                         ^

"main.cpp", line 49: error: extra text after expected end of preprocessing directive
    #pragma acc parallel data map (to: point[0:nPoints], \
                              ^

2 errors detected in the compilation of "main.cpp".
make: *** [Makefile.NVD:57: main.o] Error 2
timeout was set to  600
