"main.cpp", line 42: warning: conversion from a string literal to "char *" is deprecated [deprecated_string_conv]
    params.filename = TEMP_FILENAME;
                    ^

Remark: individual warnings can be suppressed with "--diag_suppress <warning-name>"

main:
          48, Loop not vectorized/parallelized: potential early exits
_INTERNAL_8_main_cpp_5c2b4bbd::create_dataset(linear_param_t*, float2*):
     29, Loop not vectorized/parallelized: potential early exits
_INTERNAL_8_main_cpp_5c2b4bbd::temperature_regression(results_t*, int):
          29, Loop not vectorized/parallelized: potential early exits
iterative_regression(linear_param_t*, float2*, result_t*):
     31, Loop not fused: different loop trip count
         Generated vector simd code for the loop containing reductions
          14, Generated vector simd code for the loop containing reductions
_INTERNAL_15_linear_iter_cpp_14d11714::r_squared(linear_param_t*, float2*, float4*, result_t*):
     14, Generated vector simd code for the loop containing reductions
"kernel.h", line 20: error: invalid text in pragma
    #pragma acc parallel teams num_teams(nTeams) thread_limit(TEMP_WORKGROUP_SIZE)
                         ^

"kernel.h", line 20: error: extra text after expected end of preprocessing directive
    #pragma acc parallel teams num_teams(nTeams) thread_limit(TEMP_WORKGROUP_SIZE)
                               ^

"kernel.h", line 25: error: identifier "omp_get_thread_num" is undefined
        size_t loc_id   = omp_get_thread_num();
                          ^

"kernel.h", line 26: error: identifier "omp_get_team_num" is undefined
        size_t blk_id   = omp_get_team_num();
                          ^

"kernel.h", line 63: error: invalid text in pragma
    #pragma acc parallel teams num_teams(nTeams) thread_limit(TEMP_WORKGROUP_SIZE)
                         ^

"kernel.h", line 63: error: extra text after expected end of preprocessing directive
    #pragma acc parallel teams num_teams(nTeams) thread_limit(TEMP_WORKGROUP_SIZE)
                               ^

"kernel.h", line 68: error: identifier "omp_get_thread_num" is undefined
        size_t loc_id   = omp_get_thread_num();
                          ^

"kernel.h", line 69: error: identifier "omp_get_team_num" is undefined
        size_t blk_id   = omp_get_team_num();
                          ^

"linear_par.cpp", line 102: error: invalid text in pragma
      #pragma acc parallel data map (to: dataset[0:size])\
                           ^

"linear_par.cpp", line 102: error: extra text after expected end of preprocessing directive
      #pragma acc parallel data map (to: dataset[0:size])\
                                ^

"linear_par.cpp", line 116: error: invalid text in pragma
        #pragma acc update from (results[0:(wg_count * (100-cpu_offset) / 100)])
                           ^

"linear_par.cpp", line 116: error: OpenACC data clause expected
        #pragma acc update from (results[0:(wg_count * (100-cpu_offset) / 100)])
                           ^

"linear_par.cpp", line 116: error: extra text after expected end of preprocessing directive
        #pragma acc update from (results[0:(wg_count * (100-cpu_offset) / 100)])
                                ^

"linear_par.cpp", line 159: error: invalid text in pragma
      #pragma acc parallel data map (to: dataset[0:size])\
                           ^

"linear_par.cpp", line 159: error: extra text after expected end of preprocessing directive
      #pragma acc parallel data map (to: dataset[0:size])\
                                ^

"linear_par.cpp", line 173: error: invalid text in pragma
        #pragma acc update from (results[0:(wg_count * (100-cpu_offset) / 100)])
                           ^

"linear_par.cpp", line 173: error: OpenACC data clause expected
        #pragma acc update from (results[0:(wg_count * (100-cpu_offset) / 100)])
                           ^

"linear_par.cpp", line 173: error: extra text after expected end of preprocessing directive
        #pragma acc update from (results[0:(wg_count * (100-cpu_offset) / 100)])
                                ^

18 errors detected in the compilation of "linear_par.cpp".
make: *** [Makefile.NVD:57: linear_par.o] Error 2
timeout was set to  600
