main.cpp:6:10: fatal error: 'fstream' file not found
    6 | #include <fstream>
      |          ^~~~~~~~~
1 error generated.
make: *** [Makefile.NVD:73: main.o] Error 1
timeout was set to  600
