"main.cpp", line 28: error: invalid text in pragma
    #pragma acc parallel data map (to: d_bases32[0:bases32_size]) \
                         ^

"main.cpp", line 28: error: extra text after expected end of preprocessing directive
    #pragma acc parallel data map (to: d_bases32[0:bases32_size]) \
                              ^

"main.cpp", line 35: error: invalid text in pragma
        #pragma acc update to (d_n32[0:BENCHMARK_ITERATIONS])
                           ^

"main.cpp", line 35: error: OpenACC data clause expected
        #pragma acc update to (d_n32[0:BENCHMARK_ITERATIONS])
                           ^

"main.cpp", line 35: error: extra text after expected end of preprocessing directive
        #pragma acc update to (d_n32[0:BENCHMARK_ITERATIONS])
                              ^

"main.cpp", line 73: error: invalid text in pragma
        #pragma acc update from (d_val[0:1])
                           ^

"main.cpp", line 73: error: OpenACC data clause expected
        #pragma acc update from (d_val[0:1])
                           ^

"main.cpp", line 73: error: extra text after expected end of preprocessing directive
        #pragma acc update from (d_val[0:1])
                                ^

"main.cpp", line 95: error: invalid text in pragma
        #pragma acc update from (d_val[0:1])
                           ^

"main.cpp", line 95: error: OpenACC data clause expected
        #pragma acc update from (d_val[0:1])
                           ^

"main.cpp", line 95: error: extra text after expected end of preprocessing directive
        #pragma acc update from (d_val[0:1])
                                ^

"main.cpp", line 16: warning: variable "bases32_size" was declared but never referenced [declared_but_not_referenced]
    int bases32_size = sizeof(bases32) / sizeof(bases32[0]);
        ^

Remark: individual warnings can be suppressed with "--diag_suppress <warning-name>"

11 errors detected in the compilation of "main.cpp".
make: *** [Makefile.NVD:57: main.o] Error 2
timeout was set to  600
